0000000000000000 T __code_start
0000000000000000 0000000000000401 b __fixedpath
0000000000000000 A __start__
0000000000000000 T _start
0000000000000000 b _TLS_MODULE_BASE_
0000000000000080 t startup
00000000000000a4 t bssclr_start
00000000000000cc t bss_loop
0000000000000120 T __nx_exit
0000000000000130 T __nx_mod0
0000000000000158 T _init
00000000000001c0 0000000000000038 T exit
0000000000000200 00000000000001b0 T main
00000000000003b0 t deregister_tm_clones
00000000000003e0 t register_tm_clones
0000000000000404 0000000000000004 b fsdev_last_result
0000000000000408 0000000000002000 b tmp_buffer.7476
0000000000000418 t __do_global_dtors_aux
0000000000000460 t frame_dummy
00000000000004a0 000000000000007c T do_iram_dram_copy
0000000000000520 0000000000000220 t ipcPrepareHeader
0000000000000740 000000000000022c t ipcParse
0000000000000970 00000000000000b0 t serviceIpcParse
0000000000000a20 0000000000000024 t _appletInfiniteSleepLoop
0000000000000a50 0000000000000078 t ipcConvertSessionToDomain
0000000000000ad0 00000000000000a8 t serviceIpcPrepareHeader
0000000000000b80 0000000000000038 t ipcQueryPointerBufferSize.part.38
0000000000000bc0 0000000000000084 t ipcCloneSession.constprop.62
0000000000000c50 000000000000019c t _appletGetSessionProxy.constprop.57
0000000000000df0 0000000000000034 t ipcCloseObjectById
0000000000000e30 000000000000006c t serviceClose
0000000000000ea0 0000000000000148 t _appletGetLaunchReason
0000000000000ff0 00000000000001b8 t _appletCmdNoInOut32
00000000000011b0 00000000000001b8 t _appletCmdNoInOut64
0000000000001370 00000000000001b8 t _appletGetLibraryAppletInfo
0000000000001530 00000000000001b8 t _appletCmdNoInOutU8
00000000000016f0 0000000000000044 t _appletCmdNoInOutBool
0000000000001740 00000000000001b0 t _appletCmdInU8
00000000000018f0 00000000000001b8 t _appletSetFocusHandlingMode
0000000000001ab0 00000000000001b4 t _appletGetHandle.constprop.60
0000000000001c70 0000000000000064 t _appletGetEvent
0000000000001ce0 000000000000017c t _appletCmdNoIO
0000000000001e60 0000000000000190 t _appletCmdInU32
0000000000001ff0 00000000000001dc t _appletGetSession
00000000000021d0 0000000000000010 T appletGetAppletType
00000000000021e0 00000000000000fc T appletSetFocusHandlingMode
00000000000022e0 000000000000005c T appletSetCpuBoostMode
0000000000002340 0000000000000014 T appletCreateManagedDisplayLayer
0000000000002360 0000000000000028 T appletGetAppletResourceUserId
0000000000002390 0000000000000128 t _appletGetIndirectLayerConsumerHandle
0000000000002408 0000000000002000 b tmp_buffer.7500
00000000000024c0 0000000000000070 t _appletHolderCreateState
0000000000002530 0000000000000094 T appletHolderClose
00000000000025d0 0000000000000008 T appletHolderGetLibraryAppletInfo
00000000000025e0 0000000000000058 T appletNotifyRunning
0000000000002640 00000000000000e8 T appletSetGamePlayRecordingState
0000000000002730 0000000000000674 T appletExit
0000000000002db0 0000000000000020 t _appletExitProcess
0000000000002dd0 0000000000000030 T appletGetLibraryAppletInfo
0000000000002e00 0000000000000818 T appletInitialize
0000000000003620 0000000000000068 T appletGetMessage
0000000000003690 0000000000000220 T appletProcessMessage
00000000000038b0 0000000000000034 T appletMainLoop
00000000000038f0 0000000000000034 t ipcCloseObjectById
0000000000003930 0000000000000124 t _hidGetSharedMemoryHandle.constprop.18
0000000000003a60 0000000000000100 t _hidCmdWithNoInput
0000000000003b60 0000000000000134 t _hidCreateAppletResource.constprop.17
0000000000003ca0 000000000000010c t _hidCmdWithInputU32
0000000000003db0 0000000000000108 t _hidCmdWithInputU64.constprop.24
0000000000003ec0 00000000000001f8 T hidReset
00000000000040c0 000000000000000c T hidGetSharedmemAddr
00000000000040d0 000000000000006c T hidKeysDown
0000000000004140 000000000000000c T hidTouchCount
0000000000004150 0000000000000598 T hidScanInput
00000000000046f0 000000000000000c T hidSetSupportedNpadStyleSet
0000000000004700 0000000000000198 T hidSetSupportedNpadIdType
00000000000048a0 0000000000000008 T hidSetNpadJoyHoldType
00000000000048b0 0000000000000024 T hidSetNpadJoyAssignmentModeDual
00000000000048e0 0000000000000080 T hidFinalizeSevenSixAxisSensor
0000000000004960 0000000000000134 T hidExit
0000000000004aa0 0000000000000170 T hidInitialize
0000000000004c10 0000000000000034 t ipcCloseObjectById
0000000000004c50 0000000000000124 t _apmGetSession.constprop.4
0000000000004d80 00000000000000f0 T apmExit
0000000000004e70 0000000000000070 T apmInitialize
0000000000004ee0 00000000000000cc T apmSetPerformanceConfiguration
0000000000004fb0 0000000000000140 t _fatalImpl
00000000000050f0 0000000000000014 T fatalWithType
0000000000005110 0000000000000014 T fatalSimple
0000000000005130 000000000000002c t _splSrvInitialize
0000000000005160 000000000000007c t _splGetCryptoSrv
00000000000051e0 0000000000000018 t _splGetGeneralSrv.part.6
0000000000005200 0000000000000034 t ipcCloseObjectById
0000000000005240 0000000000000078 t _splSrvExit
00000000000052c0 000000000000001c T splInitialize
00000000000052e0 0000000000000014 T splExit
0000000000005300 00000000000000f4 T splSetConfig
0000000000005400 0000000000000034 t ipcCloseObjectById
0000000000005440 0000000000000044 T smAddOverrideHandle
0000000000005490 0000000000000060 T smGetServiceOverride
00000000000054f0 0000000000000014 T smHasInitialized
0000000000005510 000000000000009c T smExit
00000000000055b0 0000000000000038 T smEncodeName
00000000000055f0 000000000000022c T smGetServiceOriginal
0000000000005820 000000000000027c T smInitialize
0000000000005aa0 0000000000000074 T smGetService
0000000000005b20 0000000000000010 T hosversionGet
0000000000005b30 0000000000000010 T hosversionSet
0000000000005b40 0000000000000254 T envSetup
0000000000005da0 0000000000000020 T envGetMainThreadHandle
0000000000005dc0 000000000000000c T envIsNso
0000000000005dd0 0000000000000014 T envHasHeapOverride
0000000000005df0 000000000000000c T envGetHeapOverrideAddr
0000000000005e00 000000000000000c T envGetHeapOverrideSize
0000000000005e10 0000000000000014 T envHasArgv
0000000000005e30 000000000000000c T envGetArgv
0000000000005e40 000000000000000c T envGetExitFuncPtr
0000000000005e50 000000000000000c T envSetExitFuncPtr
0000000000005e60 0000000000000044 t consoleDrawChar
0000000000005eb0 0000000000000140 t consoleClearLine
0000000000005ff0 000000000000004c t consoleNewRow
0000000000006040 0000000000000118 t consolePrintChar
0000000000006160 000000000000015c t consoleCls
00000000000062c0 00000000000007e0 t con_write
0000000000006aa0 000000000000011c T consoleInit
0000000000006bc0 0000000000000048 T consoleExit
0000000000006c10 0000000000000028 T consoleUpdate
0000000000006c40 0000000000000070 t ConsoleSwRenderer_flushAndSwap
0000000000006cb0 00000000000000c4 t ConsoleSwRenderer_scrollWindow
0000000000006d80 0000000000000188 t ConsoleSwRenderer_drawChar
0000000000006f10 000000000000003c t ConsoleSwRenderer_deinit
0000000000006f50 00000000000000f4 t ConsoleSwRenderer_init
0000000000007050 000000000000000c W getDefaultConsoleRenderer
000000000000705c T svcSetHeapSize
0000000000007070 T svcSetMemoryAttribute
0000000000007078 T svcUnmapMemory
0000000000007080 T svcQueryMemory
0000000000007094 T svcExitProcess
000000000000709c T svcSleepThread
00000000000070a4 T svcMapSharedMemory
00000000000070ac T svcUnmapSharedMemory
00000000000070b4 T svcCreateTransferMemory
00000000000070c8 T svcCloseHandle
00000000000070d0 T svcResetSignal
00000000000070d8 T svcWaitSynchronization
00000000000070ec T svcArbitrateLock
00000000000070f4 T svcArbitrateUnlock
00000000000070fc T svcWaitProcessWideKeyAtomic
0000000000007104 T svcSignalProcessWideKey
000000000000710c T svcConnectToNamedPort
0000000000007120 T svcSendSyncRequest
0000000000007128 T svcBreak
0000000000007130 T svcReturnFromException
0000000000007138 T svcGetInfo
000000000000714c T svcUnmapTransferMemory
0000000000007154 T svcCallSecureMonitor
0000000000007190 000000000000017c T detectKernelVersion
0000000000007310 0000000000000030 T detectDebugger
0000000000007340 0000000000000014 T shmemLoadRemote
0000000000007360 0000000000000084 T shmemMap
00000000000073f0 0000000000000058 T shmemUnmap
0000000000007450 0000000000000044 T shmemClose
00000000000074a0 0000000000000104 t _waitLoop
00000000000075b0 0000000000000338 t _waitObjectsImpl
00000000000078f0 000000000000000c T waitObjects
0000000000007900 0000000000000058 T rwlockReadLock
0000000000007960 000000000000005c T rwlockReadUnlock
00000000000079c0 0000000000000084 T rwlockWriteLock
0000000000007a50 000000000000003c T rwlockWriteUnlock
0000000000007a90 00000000000000a8 T tmemCreate
0000000000007b40 0000000000000058 T tmemUnmap
0000000000007ba0 0000000000000068 T tmemClose
0000000000007c10 000000000000008c T mutexLock
0000000000007ca0 0000000000000030 T mutexUnlock
0000000000007cd0 000000000000004c T rmutexLock
0000000000007d20 000000000000001c T rmutexUnlock
0000000000007d40 000000000000007c t _GetRegionFromInfo.isra.1
0000000000007dc0 0000000000000114 T virtmemSetup
0000000000007ee0 000000000000013c T virtmemReserve
0000000000008020 0000000000000004 T virtmemFree
0000000000008030 000000000000000c T eventLoadRemote
0000000000008040 0000000000000038 T eventWait
0000000000008080 0000000000000050 T eventClose
00000000000080d0 0000000000000060 T condvarWaitTimeout
0000000000008130 0000000000000080 T framebufferMakeLinear
00000000000081b0 0000000000000078 T framebufferClose
0000000000008230 0000000000000298 T framebufferCreate
00000000000084d0 0000000000000080 T framebufferBegin
0000000000008550 000000000000017c T framebufferEnd
00000000000086d0 000000000000000c T nwindowGetDefault
00000000000086e0 00000000000000c8 T __nx_win_init
00000000000087b0 0000000000000034 T __nx_win_exit
00000000000087f0 0000000000000054 t _nwindowConnect
0000000000008850 0000000000000040 t _nwindowDisconnect
0000000000008890 0000000000000024 T nwindowIsValid
00000000000088c0 000000000000006c T nwindowClose
0000000000008930 00000000000000d4 T nwindowCreate
0000000000008a10 0000000000000034 T nwindowCreateFromLayer
0000000000008a50 0000000000000088 T nwindowSetDimensions
0000000000008ae0 0000000000000154 T nwindowConfigureBuffer
0000000000008c40 00000000000001e4 T nwindowDequeueBuffer
0000000000008e30 0000000000000144 T nwindowQueueBuffer
0000000000008f80 00000000000000ac T nwindowReleaseBuffers
0000000000009030 00000000000000a0 T __nx_dynamic
00000000000090d0 00000000000000d8 W __libnx_initheap
00000000000091b0 00000000000000e4 W __appInit
00000000000092a0 0000000000000044 W __appExit
00000000000092f0 0000000000000028 W __libnx_init
0000000000009320 0000000000000020 W __libnx_exit
0000000000009340 000000000000001c T __syscall_exit
0000000000009360 0000000000000034 T __syscall_getreent
00000000000093a0 0000000000000004 T __syscall_lock_acquire
00000000000093b0 0000000000000004 T __syscall_lock_release
00000000000093c0 0000000000000004 T __syscall_lock_acquire_recursive
00000000000093d0 0000000000000004 T __syscall_lock_release_recursive
00000000000093e0 000000000000027c T __libnx_init_time
0000000000009660 0000000000000080 T newlibSetup
00000000000096e0 0000000000000324 T argvSetup
0000000000009a10 0000000000000010 t fsdev_link
0000000000009a20 0000000000000010 t fsdev_dirreset
0000000000009a30 0000000000000010 t fsdev_chmod
0000000000009a40 000000000000001c t error_cmp
0000000000009a60 000000000000005c t fsdev_translate_error
0000000000009ac0 0000000000000040 t fsdev_fsync
0000000000009b00 0000000000000060 t fsdev_ftruncate
0000000000009b60 0000000000000020 t fsdev_dirclose
0000000000009b80 000000000000016c t fsdev_dirnext
0000000000009cf0 000000000000001c t fsdev_close
0000000000009d10 00000000000000a4 t fsdev_fstat
0000000000009dc0 00000000000000b0 t fsdev_seek
0000000000009e70 00000000000001a0 t fsdev_read
000000000000a010 00000000000001a8 t fsdev_write
000000000000a1c0 0000000000000120 t fsdevFindDevice
000000000000a2e0 0000000000000140 t _fsdevMountDevice
000000000000a420 00000000000001fc t fsdev_getfspath
000000000000a620 0000000000000070 t fsdev_rmdir
000000000000a690 00000000000000d4 t fsdev_statvfs
000000000000a770 00000000000000ec t fsdev_diropen
000000000000a860 0000000000000070 t fsdev_mkdir
000000000000a8d0 0000000000000114 t fsdev_rename
000000000000a9f0 00000000000000e8 t fsdev_chdir
000000000000aae0 0000000000000070 t fsdev_unlink
000000000000ab50 00000000000001bc t fsdev_stat
000000000000ad10 000000000000019c t fsdev_open
000000000000aeb0 00000000000000b8 t _fsdevUnmountDeviceStruct.part.4
000000000000af70 0000000000000010 t fsdev_fchmod
000000000000af80 0000000000000170 T fsdevMountSdmc
000000000000b0f0 0000000000000064 T fsdevUnmountAll
000000000000b160 000000000000012c T decode_utf8
000000000000b28c T armDCacheFlush
000000000000b2b0 t armDCacheFlush_L0
000000000000b2c8 W __libnx_exception_entry
000000000000b354 t __libnx_exception_entry_start
000000000000b47c t __libnx_exception_entry_abort
000000000000b480 t __libnx_exception_entry_end
000000000000b488 T __libnx_exception_returnentry
000000000000b4a0 T __aarch64_read_tp
000000000000b4b0 0000000000000034 t ipcCloseObjectById
000000000000b4f0 00000000000000d8 t _nvSetClientPID
000000000000b5d0 00000000000000c8 t ipcQueryPointerBufferSize.constprop.10
000000000000b6a0 00000000000000f0 t _nvInitialize.constprop.8
000000000000b790 000000000000010c t ipcCloneSession.constprop.9
000000000000b8a0 0000000000000100 T nvExit
000000000000b9a0 0000000000000184 T nvInitialize
000000000000bb30 000000000000012c T nvConvertError
000000000000bc60 000000000000012c T nvOpen
000000000000bd90 0000000000000270 T nvIoctl
000000000000c000 00000000000000dc T nvClose
000000000000c0e0 000000000000015c T nvQueryEvent
000000000000c240 0000000000000034 t ipcCloseObjectById
000000000000c280 000000000000012c t _timeGetSession
000000000000c3b0 00000000000001ec T timeExit
000000000000c5a0 00000000000000d8 T timeInitialize
000000000000c680 0000000000000124 T timeGetCurrentTime
000000000000c7b0 0000000000000118 T timeToCalendarTimeWithMyRule
000000000000c8d0 0000000000000034 t ipcCloseObjectById
000000000000c910 0000000000000134 t _viGetSession.constprop.7
000000000000ca50 00000000000001e4 T viExit
000000000000cc40 0000000000000300 T viInitialize
000000000000cf40 000000000000000c T viGetSession_IHOSBinderDriverRelay
000000000000cf50 0000000000000140 T viOpenDisplay
000000000000d090 0000000000000104 T viCloseDisplay
000000000000d1a0 0000000000000104 T viCloseLayer
000000000000d2b0 0000000000000370 T viCreateLayer
000000000000d620 00000000000000e8 T viSetLayerScalingMode
000000000000d710 0000000000000034 t ipcCloseObjectById
000000000000d750 00000000000001d4 t _setsysGetFirmwareVersionImpl
000000000000d930 000000000000003c T setsysInitialize
000000000000d970 000000000000009c T setsysExit
000000000000da10 0000000000000044 T setsysGetFirmwareVersion
000000000000da60 0000000000000220 t ipcPrepareHeader
000000000000dc80 000000000000022c t ipcParse
000000000000deb0 00000000000000b0 t serviceIpcParse
000000000000df60 0000000000000034 t ipcCloseObjectById
000000000000dfa0 0000000000000200 T fsInitialize
000000000000e1a0 000000000000009c T fsExit
000000000000e240 00000000000001ec T fsMountSdcard
000000000000e430 00000000000001a4 T fsFsCreateFile
000000000000e5e0 000000000000019c T fsFsDeleteFile
000000000000e780 000000000000019c T fsFsCreateDirectory
000000000000e920 000000000000019c T fsFsDeleteDirectory
000000000000eac0 0000000000000214 T fsFsRenameFile
000000000000ece0 0000000000000214 T fsFsRenameDirectory
000000000000ef00 00000000000001b0 T fsFsGetEntryType
000000000000f0b0 00000000000001e4 T fsFsOpenFile
000000000000f2a0 00000000000001f8 T fsFsOpenDirectory
000000000000f4a0 00000000000001b0 T fsFsGetFreeSpace
000000000000f650 00000000000001b0 T fsFsGetTotalSpace
000000000000f800 0000000000000194 T fsFsGetFileTimeStampRaw
000000000000f9a0 000000000000006c T fsFsClose
000000000000fa10 00000000000001fc T fsFileRead
000000000000fc10 00000000000001c8 T fsFileWrite
000000000000fde0 000000000000017c T fsFileFlush
000000000000ff60 000000000000018c T fsFileSetSize
00000000000100f0 00000000000001c0 T fsFileGetSize
00000000000102b0 000000000000006c T fsFileClose
0000000000010320 000000000000006c T fsDirClose
0000000000010390 00000000000001ec T fsDirRead
0000000000010580 0000000000000060 t _nvFenceEventWaitCommon
00000000000105e0 000000000000005c T nvFenceInit
0000000000010640 0000000000000098 T nvFenceExit
00000000000106e0 00000000000001e4 T nvFenceWait
00000000000108d0 000000000000007c T nvMultiFenceWait
0000000000010950 000000000000006c T nvMapInit
00000000000109c0 0000000000000068 T nvMapExit
0000000000010a30 0000000000000084 T nvMapClose
0000000000010ac0 0000000000000150 T nvMapCreate
0000000000010c10 0000000000000024 T nvioctlNvhostCtrl_EventSignal
0000000000010c40 000000000000003c T nvioctlNvhostCtrl_EventWait
0000000000010c80 0000000000000028 T nvioctlNvhostCtrl_EventWaitAsync
0000000000010cb0 0000000000000024 T nvioctlNvhostCtrl_EventRegister
0000000000010ce0 0000000000000024 T nvioctlNvhostCtrl_EventUnregister
0000000000010d10 000000000000003c T nvioctlNvmap_Create
0000000000010d50 0000000000000030 T nvioctlNvmap_Alloc
0000000000010d80 0000000000000030 T nvioctlNvmap_Free
0000000000010db0 000000000000003c T nvioctlNvmap_GetId
0000000000010df0 00000000000000e8 T bqRequestBuffer
0000000000010ee0 0000000000000154 T bqDequeueBuffer
0000000000011040 000000000000009c T bqDetachBuffer
00000000000110e0 00000000000000e0 T bqQueueBuffer
00000000000111c0 0000000000000090 T bqCancelBuffer
0000000000011250 00000000000000e4 T bqConnect
0000000000011340 000000000000009c T bqDisconnect
00000000000113e0 0000000000000178 T bqSetPreallocatedBuffer
0000000000011560 00000000000000c8 t ipcQueryPointerBufferSize
0000000000011630 0000000000000234 t _binderTransactParcel
0000000000011870 0000000000000378 t _binderTransactParcelAuto
0000000000011bf0 0000000000000018 T binderCreate
0000000000011c10 0000000000000010 T binderTransactParcel
0000000000011c20 0000000000000124 T binderConvertErrorCode
0000000000011d50 00000000000001b4 T binderAdjustRefcount
0000000000011f10 0000000000000074 T binderClose
0000000000011f90 00000000000000cc T binderInitSession
0000000000012060 000000000000024c T binderGetNativeHandle
00000000000122b0 0000000000000028 T parcelCreate
00000000000122e0 000000000000019c T parcelTransact
0000000000012480 0000000000000088 T parcelWriteData
0000000000012510 0000000000000098 T parcelReadData
00000000000125b0 0000000000000020 T parcelWriteInt32
00000000000125d0 0000000000000020 T parcelWriteUInt32
00000000000125f0 0000000000000080 T parcelWriteString16
0000000000012670 0000000000000030 T parcelWriteInterfaceToken
00000000000126a0 0000000000000024 T parcelReadInt32
00000000000126d0 0000000000000068 T parcelReadFlattenedObject
0000000000012740 0000000000000044 T parcelWriteFlattenedObject
0000000000012790 00000000000000c4 T nxlinkSetup
0000000000012858 0000000000000038 T aligned_alloc
0000000000012890 00000000000000b8 T bsearch
0000000000012948 0000000000000030 T calloc
0000000000012978 0000000000000094 T _calloc_r
0000000000012a10 0000000000000014 T __errno
0000000000012a28 000000000000015c T _fclose_r
0000000000012b88 000000000000001c T fclose
0000000000012ba8 0000000000000214 T __sflush_r
0000000000012dc0 00000000000000b8 T _fflush_r
0000000000012e78 0000000000000040 T fflush
0000000000012eb8 0000000000000078 t std
0000000000012f30 000000000000000c T _cleanup_r
0000000000012f40 0000000000000060 T __sfmoreglue
0000000000012fa0 000000000000000c T __sfp_lock_acquire
0000000000012fb0 000000000000000c T __sfp_lock_release
0000000000012fc0 000000000000000c T __sinit_lock_acquire
0000000000012fd0 000000000000000c T __sinit_lock_release
0000000000012fe0 0000000000000080 T __sinit
0000000000013060 0000000000000118 T __sfp
0000000000013178 0000000000000044 T __libc_fini_array
00000000000131c0 0000000000000130 T _fopen_r
00000000000132f0 0000000000000030 T fopen
0000000000013320 0000000000000328 T _fread_r
0000000000013648 0000000000000040 T fread
0000000000013688 0000000000000118 T _malloc_trim_r
00000000000137a0 00000000000002f4 T _free_r
0000000000013a98 0000000000000004 T _fseek_r
0000000000013aa0 00000000000004c4 T _fseeko_r
0000000000013f68 00000000000000b8 T _fwalk
0000000000014020 00000000000000bc T _fwalk_reent
00000000000140e0 000000000000008c T __libc_init_array
0000000000014170 00000000000000a4 T __swhatbuf_r
0000000000014218 000000000000010c T __smakebuf_r
0000000000014328 0000000000000030 T memalign
0000000000014358 0000000000000198 T _memalign_r
00000000000144f0 000000000000001c T malloc
0000000000014510 000000000000001c T free
0000000000014530 000000000000087c T _malloc_r
0000000000014dac 00000000000000d8 T memchr
0000000000014ec0 000000000000016c T memcpy
0000000000015040 00000000000001dc T memset
0000000000015220 000000000000000c T __malloc_lock
0000000000015230 000000000000000c T __malloc_unlock
0000000000015240 000000000000008c T printf
00000000000152d0 00000000000000d4 T _puts_r
00000000000153a8 000000000000001c T puts
00000000000153c8 0000000000000020 t lflush
00000000000153e8 00000000000001d0 T __srefill_r
00000000000155b8 000000000000003c T setenv
00000000000155f8 0000000000000264 T _setenv_r
0000000000015860 000000000000025c T setvbuf
0000000000015ac0 00000000000000bc T sscanf
0000000000015b80 0000000000000050 T __sread
0000000000015bd0 0000000000000008 T __seofread
0000000000015bd8 000000000000006c T __swrite
0000000000015c48 0000000000000050 T __sseek
0000000000015c98 0000000000000008 T __sclose
0000000000015ca0 00000000000000dc T strchr
0000000000015d80 0000000000000140 T strlen
0000000000015ec0 0000000000000084 T strncat
0000000000015f9c 00000000000001b8 T strncmp
0000000000016158 00000000000000a8 T strncpy
0000000000016224 00000000000000e0 T strnlen
00000000000162e0 00000000000001ac t _strtoul_l.isra.0
0000000000016490 0000000000000034 T _strtoul_r
00000000000164c8 0000000000000048 T strtoul
0000000000016510 000000000000005c t get_arg
000000000001656c 0000000000002fd8 T __ssvfscanf_r
0000000000019544 000000000000076c t get_arg
0000000000019cb0 0000000000003c28 T _vfprintf_r
000000000001d8d8 00000000000000ec t __sbprintf
000000000001d9c8 00000000000000d0 T _wcrtomb_r
000000000001da98 0000000000000010 T _wcsrtombs_r
000000000001daa8 0000000000000140 T __swsetup_r
000000000001dbe8 0000000000000124 T __call_exitprocs
000000000001dd10 00000000000001a8 t quorem
000000000001deb8 00000000000010dc T _dtoa_r
000000000001ef98 000000000000000c T __env_lock
000000000001efa8 000000000000000c T __env_unlock
000000000001efb8 00000000000000a8 T __sflags
000000000001f060 00000000000004b8 T __sfvwrite_r
000000000001f518 0000000000000100 T _findenv_r
000000000001f618 0000000000000008 T iswspace
000000000001f620 0000000000000008 T __localeconv_l
000000000001f628 0000000000000028 T _localeconv_r
000000000001f650 000000000000002c T __locale_mb_cur_max
000000000001f680 00000000000000d8 T _mbrtowc_r
000000000001f758 00000000000002c8 T __utf8_mbtowc
000000000001fa40 00000000000000ac T memmove
000000000001faf0 0000000000000090 T _Balloc
000000000001fb80 000000000000001c T _Bfree
000000000001fba0 00000000000000e8 T __multadd
000000000001fc88 0000000000000120 T __s2b
000000000001fda8 000000000000005c T __hi0bits
000000000001fe08 00000000000000a0 T __lo0bits
000000000001fea8 000000000000002c T __i2b
000000000001fed8 00000000000001c8 T __multiply
00000000000200a0 0000000000000104 T __pow5mult
00000000000201a8 0000000000000134 T __lshift
00000000000202e0 0000000000000050 T __mcmp
0000000000020330 000000000000014c T __mdiff
0000000000020480 0000000000000068 T __ulp
00000000000204e8 0000000000000150 T __b2d
0000000000020638 0000000000000138 T __d2b
0000000000020770 00000000000000a0 T __ratio
0000000000020810 0000000000000068 T __copybits
0000000000020878 0000000000000084 T __any_on
0000000000020900 0000000000000030 T realloc
0000000000020930 000000000000056c T _realloc_r
0000000000020ea0 00000000000000bc T __sccl
0000000000020f60 000000000000000c T nanf
0000000000020f70 000000000000007c T frexp
0000000000020ff0 00000000000000a8 T sprintf
0000000000021098 00000000000000c8 T stpncpy
0000000000021180 00000000000000e4 T strcmp
0000000000021268 0000000000000054 t sulp
00000000000212c0 00000000000010e8 T _strtod_l
00000000000223a8 0000000000000040 T _strtod_r
00000000000223e8 00000000000001a0 t _strtoll_l.isra.0
0000000000022588 0000000000000034 T _strtoll_r
00000000000225c0 00000000000001a0 t _strtol_l.isra.0
0000000000022760 0000000000000034 T _strtol_r
0000000000022798 00000000000001ac t _strtoull_l.isra.0
0000000000022948 0000000000000034 T _strtoull_r
000000000002297c 00000000000001c0 T __ssprint_r
0000000000022b3c 00000000000000f4 T _sungetc_r
0000000000022c30 0000000000000070 T __ssrefill_r
0000000000022ca0 00000000000000e0 T _sfread_r
0000000000022d80 000000000000076c t get_arg
00000000000234ec 0000000000003b38 T _svfprintf_r
0000000000027028 00000000000000c8 T __submore
00000000000270f0 000000000000003c T __sprint_r
0000000000027130 00000000000001dc T _wcsnrtombs_l
0000000000027310 0000000000000054 T _wcsnrtombs_r
0000000000027368 00000000000000e4 T __utf8_wctomb
0000000000027450 0000000000000114 t rshift
0000000000027568 00000000000007e8 T __gethex
0000000000027d50 0000000000000048 T __match
0000000000027d98 000000000000022c T __hexnan
0000000000027fc8 000000000000004c T iswspace_l
0000000000028018 0000000000000244 t __jp2uc
0000000000028260 00000000000000bc T _jp2uc_l
0000000000028320 000000000000000c T nan
0000000000028330 0000000000000088 T category
00000000000283b8 0000000000000008 t null_write
00000000000283c0 0000000000000018 T setDefaultDevice
00000000000283d8 0000000000000108 T FindDevice
00000000000284e0 0000000000000034 T RemoveDevice
0000000000028518 00000000000000d8 T AddDevice
00000000000285f0 00000000000000a8 T _close_r
0000000000028698 0000000000000080 T _fstat_r
0000000000028718 0000000000000008 T _isatty_r
0000000000028720 0000000000000094 T _lseek_r
00000000000287b8 00000000000000e0 T _open_r
0000000000028898 00000000000000a4 T _read_r
0000000000028940 0000000000000078 T _sbrk_r
00000000000289b8 00000000000000a4 T _write_r
0000000000028a60 0000000000000020 T _exit
0000000000028a80 0000000000000234 T _concatenate_path
0000000000028cb8 0000000000000178 T chdir
0000000000028e30 0000000000000014 T __libc_lock_acquire
0000000000028e48 0000000000000014 T __libc_lock_release
0000000000028e60 000000000000000c T __libc_lock_init_recursive
0000000000028e70 0000000000000014 T __libc_lock_acquire_recursive
0000000000028e88 0000000000000014 T __libc_lock_release_recursive
0000000000028ea0 0000000000000004 T __libc_lock_close_recursive
0000000000028ea8 000000000000003c T __free_handle
0000000000028ee8 0000000000000058 T __release_handle
0000000000028f40 00000000000000c0 T __alloc_handle
0000000000029000 0000000000000020 T __get_handle
0000000000029020 0000000000000020 T __getreent
0000000000029040 0000000000000150 t __extenddftf2
0000000000029190 0000000000000348 t __trunctfdf2
00000000000294d8 0000000000000070 t __sfp_handle_exceptions
0000000000029548 0000000000000100 T strrchr
0000000000029648 T _fini
000000000002a000 R __rodata_start
000000000002a0a8 0000000000000014 r CSWTCH.211
000000000002a200 0000000000000030 r colorTable
000000000002a230 R default_font_bin
000000000002c230 R default_font_bin_end
000000000002c230 R default_font_bin_size
000000000002c238 0000000000000038 r g_nvColorFmtTable
000000000002c288 0000000000000020 r error_table
000000000002c328 0000000000000023 r g_bq_InterfaceDescriptor
000000000002c360 0000000000000101 R _ctype_
000000000002c530 0000000000000022 r basefix.6623
000000000002c6e0 0000000000000010 r blanks.6605
000000000002c6f0 0000000000000010 r zeroes.6606
000000000002c798 0000000000000028 R __mprec_bigtens
000000000002c7c0 00000000000000c8 R __mprec_tens
000000000002c888 000000000000000c r p05.5339
000000000002c8c8 0000000000000014 r fpi.5419
000000000002c8e0 0000000000000014 r fpinan.5455
000000000002c8f8 0000000000000028 r tinytens
000000000002c920 000000000000006c R __action_table
000000000002c990 0000000000000100 R __chclass
000000000002ca90 000000000000006c R __state_table
000000000002cc48 0000000000000010 r blanks.6590
000000000002cc58 0000000000000010 r zeroes.6591
000000000002cc68 0000000000000100 R __hexdig
000000000002cd80 00000000000000bc r a1
000000000002ce40 00000000000000bc r a2
000000000002cf00 000000000000005b r a3
000000000002cf60 0000000000000070 r a6
000000000002cfd0 00000000000000a2 r a7
000000000002d078 0000000000000040 r a8
000000000002d0b8 000000000000172a r b02cf
000000000002e7e8 0000000000001a7c r d02f4
0000000000030268 000000000000309c r categories
0000000000033310 0000000000000003 R DIRECTORY_PARENT
0000000000033318 r __EH_FRAME_BEGIN__
0000000000033318 R __eh_frame_hdr_end
0000000000033318 R __eh_frame_hdr_start
00000000000391e4 r __FRAME_END__
00000000000391e8 a _DYNAMIC
000000000003c000 R __data_start
000000000003c000 t __frame_dummy_init_array_entry
000000000003c000 T __init_array_start
000000000003c000 B __preinit_array_end
000000000003c000 B __preinit_array_start
000000000003c000 D __tdata_lma
000000000003c000 D __tdata_lma_end
000000000003c008 t __do_global_dtors_aux_fini_array_entry
000000000003c008 T __fini_array_start
000000000003c008 T __init_array_end
000000000003c010 T __fini_array_end
000000000003c010 T __got_start__
000000000003c010 a _GLOBAL_OFFSET_TABLE_
000000000003c290 D __got_end__
000000000003c290 0000000000000001 V __nx_applet_auto_notifyrunning
000000000003c294 0000000000000004 V __nx_applet_type
000000000003c298 0000000000000001 d firstConsoleInit.6209
000000000003c2a0 0000000000000058 d defaultConsole
000000000003c2f8 0000000000000008 d currentConsole
000000000003c300 00000000000000e0 d dotab_stdout
000000000003c3e0 0000000000000088 d s_consoleSwRenderer
000000000003c468 0000000000000008 V __nx_exception_stack_size
000000000003c470 0000000000000401 d __cwd
000000000003c874 0000000000000004 d fsdev_fsdevice_cwd
000000000003c878 0000000000000004 d fsdev_fsdevice_default
000000000003c880 00000000000000e0 d fsdev_devoptab
000000000003c960 0000000000000004 V __nx_nv_transfermem_size
000000000003c964 0000000000000004 V __nx_vi_stray_layer_flags
000000000003c968 0000000000000004 d g_viServiceType
000000000003c96c 0000000000000004 d g_ctrl_fd
000000000003c970 0000000000000004 d g_nvmap_fd
000000000003c978 0000000000000008 D _impure_ptr
000000000003c980 0000000000000768 d impure_data
000000000003d0e8 0000000000000008 D _global_impure_ptr
000000000003d0f0 0000000000000008 D __malloc_sbrk_base
000000000003d0f8 0000000000000008 D __malloc_trim_threshold
000000000003d100 0000000000000810 D __malloc_av_
000000000003d910 0000000000000008 D environ
000000000003d918 00000000000001a8 D __global_locale
000000000003dac0 0000000000000002 d numempty
000000000003dac8 0000000000000018 D _C_numeric_locale
000000000003dae0 0000000000000004 d defaultDevice
000000000003dae8 0000000000000080 D devoptab_list
000000000003db68 00000000000000e0 D dotab_stdnull
000000000003dc48 0000000000000400 d _current_working_directory
000000000003e048 0000000000000010 d __stderr_handle
000000000003e058 0000000000000010 d __stdin_handle
000000000003e068 0000000000000010 d __stdout_handle
000000000003e078 0000000000002000 d handles
0000000000040078 D __bss_start__
0000000000040078 D __TMC_END__
0000000000040078 b completed.7870
0000000000040080 b object.7875
0000000000041000 0000000000001000 b g_work_page
0000000000042000 0000000000001000 b g_ff_page
0000000000043000 000000000002f000 b g_reboot_payload
0000000000072000 0000000000000080 V __nx_applet_AppletAttribute
0000000000072080 0000000000000008 V __nx_applet_PerformanceConfiguration
0000000000072088 0000000000000004 V __nx_applet_exit_mode
000000000007208c 0000000000000001 b g_appletCopyrightInitialized
0000000000072090 0000000000000028 b g_appletCopyrightTmem
00000000000720b8 0000000000000004 b g_appletCpuBoostMode
00000000000720bc 0000000000000001 b g_appletExitProcessFlag
00000000000720c0 0000000000000004 b g_appletExitProcessResult
00000000000720c8 0000000000000018 b g_appletFirstHook
00000000000720e0 0000000000000001 b g_appletFocusState
00000000000720e8 000000000000000c b g_appletIAppletCommonFunctions
00000000000720f8 0000000000000008 b g_appletIAppletCommonFunctions_ptrbufsize
0000000000072100 000000000000000c b g_appletIApplicationCreator
0000000000072110 000000000000000c b g_appletIAudioController
0000000000072120 000000000000000c b g_appletICommonStateGetter
0000000000072130 000000000000000c b g_appletIDebugFunctions
0000000000072140 000000000000000c b g_appletIDisplayController
0000000000072150 000000000000000c b g_appletIFunctions
0000000000072160 000000000000000c b g_appletIGlobalStateController
0000000000072170 000000000000000c b g_appletILibraryAppletCreator
0000000000072180 000000000000000c b g_appletILibraryAppletSelfAccessor
0000000000072190 000000000000000c b g_appletIProcessWindingController
00000000000721a0 000000000000000c b g_appletISelfController
00000000000721b0 0000000000000008 b g_appletISelfController_ptrbufsize
00000000000721b8 000000000000000c b g_appletIWindowController
00000000000721c8 0000000000000048 b g_appletInfo
0000000000072210 0000000000000001 b g_appletInfoInitialized
0000000000072218 0000000000000008 b g_appletInitTickBase
0000000000072220 000000000000000c b g_appletLibraryAppletLaunchableEvent
0000000000072230 000000000000000c b g_appletMessageEvent
000000000007223c 0000000000000001 b g_appletNotifiedRunning
000000000007223d 0000000000000001 b g_appletOperationMode
0000000000072240 0000000000000004 b g_appletPerformanceMode
0000000000072248 000000000000000c b g_appletProxySession
0000000000072254 0000000000000004 b g_appletRecordingInitialized
0000000000072258 0000000000000028 b g_appletRecordingTmem
0000000000072280 0000000000000008 b g_appletResourceUserId
0000000000072288 000000000000000c b g_appletSrv
0000000000072298 0000000000000008 b g_appletSuspendedTick
00000000000722a0 000000000000000c b g_appletSuspendedTickEvent
00000000000722ac 0000000000000001 b g_appletSuspendedTickInitialized
00000000000722b0 0000000000000008 b g_refCnt
00000000000722b8 0000000000000050 b g_controllerDown
0000000000072308 00000000000001e0 b g_controllerEntries
00000000000724e8 0000000000000190 b g_controllerHeaders
0000000000072678 0000000000000050 b g_controllerHeld
00000000000726c8 0000000000000028 b g_controllerLayout
00000000000726f0 0000000000000500 b g_controllerMisc
0000000000072bf0 0000000000000050 b g_controllerOld
0000000000072c40 0000000000000004 b g_controllerP1AutoID
0000000000072c48 0000000000000050 b g_controllerTimestamps
0000000000072c98 0000000000000050 b g_controllerUp
0000000000072ce8 000000000000000c b g_hidIAppletResource
0000000000072cf8 0000000000000010 b g_hidLock
0000000000072d08 0000000000000020 b g_hidSharedmem
0000000000072d28 000000000000000c b g_hidSrv
0000000000072d38 0000000000000020 b g_keyboardDown
0000000000072d58 0000000000000038 b g_keyboardEntry
0000000000072d90 0000000000000020 b g_keyboardHeld
0000000000072db0 0000000000000008 b g_keyboardModDown
0000000000072db8 0000000000000008 b g_keyboardModHeld
0000000000072dc0 0000000000000008 b g_keyboardModOld
0000000000072dc8 0000000000000008 b g_keyboardModUp
0000000000072dd0 0000000000000020 b g_keyboardOld
0000000000072df0 0000000000000008 b g_keyboardTimestamp
0000000000072df8 0000000000000020 b g_keyboardUp
0000000000072e18 0000000000000400 b g_mouse
0000000000073218 0000000000000008 b g_mouseDown
0000000000073220 0000000000000008 b g_mouseEntry
0000000000073228 0000000000000008 b g_mouseHeld
0000000000073230 0000000000000008 b g_mouseOld
0000000000073238 0000000000000008 b g_mouseTimestamp
0000000000073240 0000000000000008 b g_mouseUp
0000000000073248 0000000000000008 b g_refCnt
0000000000073250 0000000000000008 b g_sevenSixAxisSensorBuffer
0000000000073258 0000000000000028 b g_sevenSixAxisSensorTmem0
0000000000073280 0000000000000028 b g_sevenSixAxisSensorTmem1
00000000000732a8 000000000000000a b g_sixaxisEnabled
00000000000732b8 0000000000004650 b g_sixaxisLayouts
0000000000077908 0000000000000298 b g_touchEntry
0000000000077ba0 0000000000000008 b g_touchTimestamp
0000000000077ba8 000000000000000c b g_apmISession
0000000000077bb8 000000000000000c b g_apmSrv
0000000000077bc8 0000000000000008 b g_refCnt
0000000000077bd0 000000000000000c b g_splCryptoSrv
0000000000077be0 000000000000000c b g_splEsSrv
0000000000077bf0 000000000000000c b g_splFsSrv
0000000000077c00 000000000000000c b g_splManuSrv
0000000000077c10 0000000000000008 b g_splRefCnt
0000000000077c18 000000000000000c b g_splSrv
0000000000077c28 000000000000000c b g_splSslSrv
0000000000077c38 0000000000000008 b g_refCnt
0000000000077c40 0000000000000200 b g_smOverrides
0000000000077e40 0000000000000008 b g_smOverridesNum
0000000000077e48 000000000000000c b g_smSrv
0000000000077e54 0000000000000004 b g_hosVersion
0000000000077e58 0000000000000001 b g_hasRandomSeed
0000000000077e59 0000000000000001 b g_isNso
0000000000077e5c 0000000000000004 b g_lastLoadResult
0000000000077e60 0000000000000008 b g_loaderInfo
0000000000077e68 0000000000000008 b g_loaderInfoSize
0000000000077e70 0000000000000008 b g_loaderRetAddr
0000000000077e78 0000000000000004 b g_mainThreadHandle
0000000000077e80 0000000000000008 b g_nextLoadArgv
0000000000077e88 0000000000000008 b g_nextLoadPath
0000000000077e90 0000000000000008 b g_overrideArgv
0000000000077e98 0000000000000008 b g_overrideHeapAddr
0000000000077ea0 0000000000000008 b g_overrideHeapSize
0000000000077ea8 0000000000000004 b g_processHandle
0000000000077eb0 0000000000000010 b g_randomSeed
0000000000077ec0 0000000000000010 b g_syscallHints
0000000000077ed0 0000000000000008 b g_userIdStorage
0000000000077ed8 0000000000000058 b currentCopy
0000000000077f30 0000000000000004 b g_Version
0000000000077f34 0000000000000001 b g_VersionCached
0000000000077f38 0000000000000004 b g_VersionMutex
0000000000077f40 0000000000000010 b g_AddressSpace
0000000000077f50 0000000000000008 b g_CurrentAddr
0000000000077f58 0000000000000030 b g_Region
0000000000077f88 0000000000000004 b g_VirtMemMutex
0000000000077f90 0000000000000080 b g_defaultWin
0000000000078010 0000000000000050 b g_viDisplay
0000000000078060 0000000000000010 b g_viLayer
0000000000078070 0000000000000004 V __nx_exception_ignoredebug
0000000000078080 0000000000000400 V __nx_exception_stack
0000000000078480 0000000000000008 V __nx_heap_size
0000000000078488 0000000000000008 b __bootticks
0000000000078490 0000000000000008 b __boottime
0000000000078498 0000000000000004 V __nx_time_type
00000000000784a0 0000000000000008 b g_argv_empty
00000000000784a8 0000000000002300 b fsdev_fsdevices
000000000007a7a8 0000000000000001 b fsdev_initialised
000000000007a7b0 0000000000000008 b g_nvIpcBufferSize
000000000007a7b8 000000000000000c b g_nvSrv
000000000007a7c8 000000000000000c b g_nvSrvClone
000000000007a7d8 0000000000000028 b g_nvTransfermem
000000000007a800 0000000000000008 b g_refCnt
000000000007a808 0000000000000008 b g_refCnt
000000000007a810 000000000000000c b g_timeLocalSystemClock
000000000007a820 000000000000000c b g_timeNetworkSystemClock
000000000007a830 000000000000000c b g_timeSrv
000000000007a840 000000000000000c b g_timeTimeZoneService
000000000007a850 000000000000000c b g_timeUserSystemClock
000000000007a860 0000000000000008 V __nx_vi_layer_id
000000000007a868 000000000000000c b g_viIApplicationDisplayService
000000000007a878 000000000000000c b g_viIHOSBinderDriverIndirect
000000000007a888 000000000000000c b g_viIHOSBinderDriverRelay
000000000007a898 000000000000000c b g_viIManagerDisplayService
000000000007a8a8 000000000000000c b g_viISystemDisplayService
000000000007a8b8 0000000000000008 b g_refCntSys
000000000007a8c0 000000000000000c b g_setsysSrv
000000000007a8d0 000000000000000c b g_fsSrv
000000000007a8e0 0000000000000008 b g_refCnt
000000000007a8e8 0000000000000008 b g_NvEventUsedMask
000000000007a8f0 0000000000000300 b g_NvEvents
000000000007abf0 0000000000000008 b g_refCnt
000000000007abf8 0000000000000008 b g_refCnt
000000000007ac00 000000000000000c b __sfp_recursive_mutex
000000000007ac10 000000000000000c b __sinit_recursive_mutex
000000000007ac20 0000000000000028 B __malloc_current_mallinfo
000000000007ac48 0000000000000008 B __malloc_max_sbrked_mem
000000000007ac50 0000000000000008 B __malloc_max_total_mem
000000000007ac58 0000000000000008 B __malloc_top_pad
000000000007ac60 000000000000000c b __malloc_recursive_mutex
000000000007ac6c 0000000000000004 b alloced.4086
000000000007ac70 000000000000000c B __atexit_recursive_mutex
000000000007ac80 0000000000000008 b initial_env
000000000007ac88 000000000000000c b __env_recursive_mutex
000000000007ac98 0000000000000008 b heap_start.5295
000000000007aca0 0000000000000008 B fake_heap_end
000000000007aca8 0000000000000008 B fake_heap_start
000000000007acb0 0000000000000400 b temp_cwd
000000000007b0b0 0000000000000004 b __hndl_lock
000000000007b0c0 0000000000000340 B __nx_exceptiondump
000000000007b400 0000000000000008 B __stack_top
000000000007b408 0000000000000008 B __system_argv
000000000007b410 0000000000000004 B __system_argc
000000000007b418 0000000000000004 B __nxlink_host
000000000007b420 B __tls_start
000000000007f828 B __bss_end__
000000000007f828 A __end__
000000000007f828 B __tls_end
0000000000080000 A __argdata__
